Starting DU score test...

##################################################
Instruction 1 l.add rD,rA,rB
##################################################

REFERENCE:
	00000000000000000010000
	
Substitution 1: 
	J: 0.75
	SMD: 0.08695652173913043
	00000000000000100010000		0.5	0.043478260869565216
	00100000000000100000000		1.0	0.13043478260869565
	
##################################################
Instruction 2 l.addc rD,rA,rB
##################################################

REFERENCE:
	00100000000000100000000
	
##################################################
Instruction 3 l.addi rD,rA,I
##################################################

REFERENCE:
	00000000000000100010000
	
Substitution 1: 
	J: 0.6666666666666667
	SMD: 0.08695652173913043
	00100000000000100000000		0.6666666666666667	0.08695652173913043
	00100000000000100000000		0.6666666666666667	0.08695652173913043
	
Substitution 2: 
	J: 0.5
	SMD: 0.06521739130434782
	00101000000000100010000		0.5	0.08695652173913043
	00000000000000000010000		0.5	0.043478260869565216
	
##################################################
Instruction 4 l.addic rD,rA,I
##################################################

REFERENCE:
	00100000000000100000000
	
Substitution 1: 
	J: 0.25
	SMD: 0.043478260869565216
	00101000000000100010000		0.5	0.08695652173913043
	00100000000000100000000		0.0	0.0
	
##################################################
Instruction 5 l.and rD,rA,rB
##################################################

REFERENCE:
	00011000000000000010000
	
Substitution 1: 
	J: 0.675
	SMD: 0.13043478260869565
	00100000000000000010000		0.75	0.13043478260869565
	00101000000000100010000		0.6	0.13043478260869565
	
##################################################
Instruction 6 l.andi rD,rA,K
##################################################

REFERENCE:
	00011000000000100010000
	
Substitution 1: 
	J: 0.5
	SMD: 0.10869565217391304
	00100000000000100010000		0.6	0.13043478260869565
	00101000000000100010000		0.4	0.08695652173913043
	
Substitution 2: 
	J: 0.425
	SMD: 0.08695652173913043
	00100000000000100010000		0.6	0.13043478260869565
	00011000000000000010000		0.25	0.043478260869565216
	
##################################################
Instruction 7 l.bf N
##################################################

REFERENCE:
	00100100000000100000000
	
##################################################
Instruction 8 l.bnf N
##################################################

REFERENCE:
	00100101000000100000000
	
##################################################
Instruction 9 l.cmov rD,rA,rB
##################################################

REFERENCE:
	01110000000000000010000
	
##################################################
Instruction 10 l.csync
##################################################

REFERENCE:
	00100000000000000000000
	
##################################################
Instruction 11 l.cust1
##################################################

ERROR: Unsupported instruction

##################################################
Instruction 12 l.cust2
##################################################

ERROR: Unsupported instruction

##################################################
Instruction 13 l.cust3
##################################################

ERROR: Unsupported instruction

##################################################
Instruction 14 l.cust4
##################################################

ERROR: Unsupported instruction

##################################################
Instruction 15 l.cust5 rD,rA,rB,L,K
##################################################

ERROR: Unsupported instruction

##################################################
Instruction 16 l.cust6
##################################################

ERROR: Unsupported instruction

##################################################
Instruction 17 l.cust7
##################################################

ERROR: Unsupported instruction

##################################################
Instruction 18 l.cust8
##################################################

ERROR: Unsupported instruction

##################################################
Instruction 19 l.div rD,rA,rB
##################################################

REFERENCE:
	01001000000000000010000
	
##################################################
Instruction 20 l.divu rD,rA,rB
##################################################

REFERENCE:
	01010000000000000010000
	
##################################################
Instruction 21 l.extbs rD,rA
##################################################

REFERENCE:
	01100000000000000010000
	
Substitution 1: 
	J: 0.5
	SMD: 0.08695652173913043
	01000000000000100010000		0.5	0.08695652173913043
	01000000000000100010000		0.5	0.08695652173913043
	
##################################################
Instruction 22 l.extbz rD,rA
##################################################

REFERENCE:
	01100000000000000010000
	
Substitution 1: 
	J: 0.8333333333333334
	SMD: 0.21739130434782608
	00011000000000100010000		0.8333333333333334	0.21739130434782608
	
Substitution 2: 
	ERROR: Unsupported instruction
	
##################################################
Instruction 23 l.exths rD,rA
##################################################

REFERENCE:
	01100000000000000010000
	
Substitution 1: 
	J: 0.5
	SMD: 0.08695652173913043
	01000000000000100010000		0.5	0.08695652173913043
	01000000000000100010000		0.5	0.08695652173913043
	
##################################################
Instruction 24 l.exthz rD,rA
##################################################

REFERENCE:
	01100000000000000010000
	
Substitution 1: 
	J: 0.65
	SMD: 0.13043478260869565
	00100000000000100010000		0.5	0.08695652173913043
	10001000000000000010000		0.8	0.17391304347826086
	
Substitution 2: 
	ERROR: Unsupported instruction
	
##################################################
Instruction 25 l.extws rD,rA
##################################################

REFERENCE:
	01101000000000000010000
	
Substitution 1: 
	J: 0.6666666666666667
	SMD: 0.17391304347826086
	00011000000000100010000		0.6666666666666667	0.17391304347826086
	
Substitution 2: 
	J: 0.8
	SMD: 0.17391304347826086
	00000000000000100010000		0.8	0.17391304347826086
	
##################################################
Instruction 26 l.extwz rD,rA
##################################################

REFERENCE:
	01101000000000000010000
	
Substitution 1: 
	J: 0.6666666666666667
	SMD: 0.17391304347826086
	00011000000000100010000		0.6666666666666667	0.17391304347826086
	
Substitution 2: 
	J: 0.8
	SMD: 0.17391304347826086
	00000000000000100010000		0.8	0.17391304347826086
	
##################################################
Instruction 27 l.ff1 rD,rA,rB
##################################################

REFERENCE:
	01111000000000000010000
	
##################################################
Instruction 28 l.fl1 rD,rA,rB
##################################################

REFERENCE:
	01111000000000000010000
	
##################################################
Instruction 29 l.j N
##################################################

REFERENCE:
	00100001000000100000000
	
Substitution 1: 
	J: 0.375
	SMD: 0.06521739130434782
	00100100000000100000000		0.5	0.08695652173913043
	00100101000000100000000		0.25	0.043478260869565216
	
##################################################
Instruction 30 l.jal N
##################################################

REFERENCE:
	00100001000000101110000
	
##################################################
Instruction 31 l.jalr rB
##################################################

REFERENCE:
	00100010000000001110000
	
##################################################
Instruction 32 l.jr rB
##################################################

REFERENCE:
	00100010000000000000000
	
##################################################
Instruction 33 l.lbs rD,I(rA)
##################################################

REFERENCE:
	00100000001100100110011
	
Substitution 1: 
	J: 0.5138888888888888
	SMD: 0.1956521739130435
	00100000001000100110010		0.25	0.08695652173913043
	01100000000000000010000		0.7777777777777778	0.30434782608695654
	
Substitution 2: 
	J: 0.6018518518518517
	SMD: 0.2318840579710145
	00100000001000100110010		0.25	0.08695652173913043
	01000000000000100010000		0.7777777777777778	0.30434782608695654
	01000000000000100010000		0.7777777777777778	0.30434782608695654
	
##################################################
Instruction 34 l.lbz rD,I(rA)
##################################################

REFERENCE:
	00100000001000100110010
	
Substitution 1: 
	J: 0.48214285714285715
	SMD: 0.15217391304347827
	00100000001100100110011		0.25	0.08695652173913043
	01100000000000000010000		0.7142857142857143	0.21739130434782608
	
Substitution 2: 
	J: 0.5
	SMD: 0.17391304347826086
	00100000001100100110011		0.25	0.08695652173913043
	00011000000000100010000		0.75	0.2608695652173913
	
Substitution 3: 
	ERROR: Unsupported instruction
	
##################################################
Instruction 35 l.ld rD,I(rA)
##################################################

ERROR: Unsupported instruction

##################################################
Instruction 36 l.lhs rD,I(rA)
##################################################

REFERENCE:
	00100000010100100110101
	
Substitution 1: 
	J: 0.5138888888888888
	SMD: 0.1956521739130435
	00100000010000100110100		0.25	0.08695652173913043
	01100000000000000010000		0.7777777777777778	0.30434782608695654
	
Substitution 2: 
	J: 0.6018518518518517
	SMD: 0.2318840579710145
	00100000010000100110100		0.25	0.08695652173913043
	01000000000000100010000		0.7777777777777778	0.30434782608695654
	01000000000000100010000		0.7777777777777778	0.30434782608695654
	
##################################################
Instruction 37 l.lhz rD,I(rA)
##################################################

REFERENCE:
	00100000010000100110100
	
Substitution 1: 
	J: 0.35714285714285715
	SMD: 0.10869565217391304
	00100000010000100110100		0.0	0.0
	01100000000000000010000		0.7142857142857143	0.21739130434782608
	
Substitution 2: 
	J: 0.675
	SMD: 0.2608695652173913
	00100000001100100110011		0.6	0.2608695652173913
	00011000000000100010000		0.75	0.2608695652173913
	
Substitution 3: 
	ERROR: Unsupported instruction
	
##################################################
Instruction 38 l.lws rD,I(rA)
##################################################

REFERENCE:
	00100000011100100110111
	
Substitution 1: 
	J: 0.19999999999999996
	SMD: 0.08695652173913043
	00100000011000100110110		0.19999999999999996	0.08695652173913043
	
##################################################
Instruction 39 l.lwz rD,I(rA)
##################################################

REFERENCE:
	00100000011000100110110
	
Substitution 1: 
	J: 0.19999999999999996
	SMD: 0.08695652173913043
	00100000011100100110111		0.19999999999999996	0.08695652173913043
	
##################################################
Instruction 40 l.mac rA,rB
##################################################

REFERENCE:
	00100000000000000000000
	
##################################################
Instruction 41 l.maci rA,I
##################################################

REFERENCE:
	00100000000000100000000
	
##################################################
Instruction 42 l.macrc rD
##################################################

REFERENCE:
	10001000000000100010000
	
##################################################
Instruction 43 l.macu rA,rB
##################################################

ERROR: Unsupported instruction

##################################################
Instruction 44 l.mfspr rD,rA,K
##################################################

REFERENCE:
	00100000000010001010000
	
##################################################
Instruction 45 l.movhi rD,K
##################################################

REFERENCE:
	10001000000000000010000
	
Substitution 1: 
	J: 0.75
	SMD: 0.13043478260869565
	00100000000000000010000		0.75	0.13043478260869565
	01000000000000000010000		0.75	0.13043478260869565
	
Substitution 2: 
	J: 0.7944444444444444
	SMD: 0.17391304347826086
	00100000000000100010000		0.8	0.17391304347826086
	01000000000000000010000		0.75	0.13043478260869565
	00110000000000100010000		0.8333333333333334	0.21739130434782608
	
##################################################
Instruction 46 l.msb rA,rB
##################################################

REFERENCE:
	00100000000000000000000
	
##################################################
Instruction 47 l.msbu rA,rB
##################################################

REFERENCE:
	00100000000000000000000
	
##################################################
Instruction 48 l.msync
##################################################

REFERENCE:
	00100000000000000000000
	
##################################################
Instruction 49 l.mtspr rA,rB,K
##################################################

ERROR: Unsupported instruction

##################################################
Instruction 50 l.mul rD,rA,rB
##################################################

REFERENCE:
	00110000000000000010000
	
##################################################
Instruction 51 l.muld rA,rB
##################################################

ERROR: Unsupported instruction

##################################################
Instruction 52 l.muldu rA,rB
##################################################

ERROR: Unsupported instruction

##################################################
Instruction 53 l.muli rD,rA,I
##################################################

REFERENCE:
	00110000000000100010000
	
##################################################
Instruction 54 l.mulu rD,rA,rB
##################################################

REFERENCE:
	01011000000000000010000
	
##################################################
Instruction 55 l.nop K
##################################################

REFERENCE:
	00100000000000000000000
	
##################################################
Instruction 56 l.or rD,rA,rB
##################################################

REFERENCE:
	00100000000000000010000
	
Substitution 1: 
	J: 0.625
	SMD: 0.10869565217391304
	00011000000000000010000		0.75	0.13043478260869565
	00101000000000100010000		0.5	0.08695652173913043
	
##################################################
Instruction 57 l.ori rD,rA,K
##################################################

REFERENCE:
	00100000000000100010000
	
Substitution 1: 
	J: 0.425
	SMD: 0.08695652173913043
	00011000000000100010000		0.6	0.13043478260869565
	00101000000000100010000		0.25	0.043478260869565216
	
Substitution 2: 
	J: 0.5666666666666667
	SMD: 0.10869565217391304
	00011000000000000010000		0.8	0.17391304347826086
	00100000000000000010000		0.33333333333333337	0.043478260869565216
	
##################################################
Instruction 58 l.psync
##################################################

REFERENCE:
	00100000000000000000000
	
##################################################
Instruction 59 l.rfe
##################################################

REFERENCE:
	00100110000000000000000
	
##################################################
Instruction 60 l.ror rD,rA,rB
##################################################

ERROR: Unsupported instruction

##################################################
Instruction 61 l.rori rD,rA,L
##################################################

REFERENCE:
	01000000000000100010000
	
Substitution 1: 
	ERROR: Unsupported instruction
	
##################################################
Instruction 62 l.sb I(rA),rB
##################################################

REFERENCE:
	00100000101000000001010
	
##################################################
Instruction 63 l.sd I(rA),rB
##################################################

ERROR: Unsupported instruction

##################################################
Instruction 64 l.sfeq rA,rB
##################################################

REFERENCE:
	10000000000000000000000
	
##################################################
Instruction 65 l.sfeqi rA,I
##################################################

REFERENCE:
	10000000000000100000000
	
##################################################
Instruction 66 l.sfges rA,rB
##################################################

REFERENCE:
	10000000000000000000000
	
Substitution 1: 
	J: 0.0
	SMD: 0.0
	10000000000000000000000		0.0	0.0
	
##################################################
Instruction 67 l.sfgesi rA,I
##################################################

REFERENCE:
	10000000000000100000000
	
##################################################
Instruction 68 l.sfgeu rA,rB
##################################################

REFERENCE:
	10000000000000000000000
	
Substitution 1: 
	J: 0.0
	SMD: 0.0
	10000000000000000000000		0.0	0.0
	
##################################################
Instruction 69 l.sfgeui rA,I
##################################################

REFERENCE:
	10000000000000100000000
	
##################################################
Instruction 70 l.sfgts rA,rB
##################################################

REFERENCE:
	10000000000000000000000
	
Substitution 1: 
	J: 0.0
	SMD: 0.0
	10000000000000000000000		0.0	0.0
	
##################################################
Instruction 71 l.sfgtsi rA,I
##################################################

REFERENCE:
	10000000000000100000000
	
##################################################
Instruction 72 l.sfgtu rA,rB
##################################################

REFERENCE:
	10000000000000000000000
	
Substitution 1: 
	J: 0.0
	SMD: 0.0
	10000000000000000000000		0.0	0.0
	
##################################################
Instruction 73 l.sfgtui rA,I
##################################################

REFERENCE:
	10000000000000100000000
	
##################################################
Instruction 74 l.sfles rA,rB
##################################################

REFERENCE:
	10000000000000000000000
	
Substitution 1: 
	J: 0.0
	SMD: 0.0
	10000000000000000000000		0.0	0.0
	
##################################################
Instruction 75 l.sflesi rA,I
##################################################

REFERENCE:
	10000000000000100000000
	
##################################################
Instruction 76 l.sfleu rA,rB
##################################################

REFERENCE:
	10000000000000000000000
	
Substitution 1: 
	J: 0.0
	SMD: 0.0
	10000000000000000000000		0.0	0.0
	
##################################################
Instruction 77 l.sfleui rA,I
##################################################

REFERENCE:
	10000000000000100000000
	
##################################################
Instruction 78 l.sflts rA,rB
##################################################

REFERENCE:
	10000000000000000000000
	
Substitution 1: 
	J: 0.0
	SMD: 0.0
	10000000000000000000000		0.0	0.0
	
##################################################
Instruction 79 l.sfltsi rA,I
##################################################

REFERENCE:
	10000000000000100000000
	
##################################################
Instruction 80 l.sfltu rA,rB
##################################################

REFERENCE:
	10000000000000000000000
	
Substitution 1: 
	J: 0.0
	SMD: 0.0
	10000000000000000000000		0.0	0.0
	
##################################################
Instruction 81 l.sfltui rA,I
##################################################

REFERENCE:
	10000000000000100000000
	
##################################################
Instruction 82 l.sfne rA,rB
##################################################

REFERENCE:
	10000000000000000000000
	
##################################################
Instruction 83 l.sfnei rA,I
##################################################

REFERENCE:
	10000000000000100000000
	
##################################################
Instruction 84 l.sh I(rA),rB
##################################################

REFERENCE:
	00100000110000000001100
	
##################################################
Instruction 85 l.sll rD,rA,rB
##################################################

REFERENCE:
	01000000000000000010000
	
##################################################
Instruction 86 l.slli rD,rA,L
##################################################

REFERENCE:
	01000000000000100010000
	
Substitution 1: 
	J: 0.4666666666666667
	SMD: 0.08695652173913043
	00101000000000100010000		0.6	0.13043478260869565
	01000000000000000010000		0.33333333333333337	0.043478260869565216
	
##################################################
Instruction 87 l.sra rD,rA,rB
##################################################

REFERENCE:
	01000000000000000010000
	
##################################################
Instruction 88 l.srai rD,rA,L
##################################################

REFERENCE:
	01000000000000100010000
	
Substitution 1: 
	J: 0.4666666666666667
	SMD: 0.08695652173913043
	00101000000000100010000		0.6	0.13043478260869565
	01000000000000000010000		0.33333333333333337	0.043478260869565216
	
##################################################
Instruction 89 l.srl rD,rA,rB
##################################################

REFERENCE:
	01000000000000000010000
	
##################################################
Instruction 90 l.srli rD,rA,L
##################################################

ERROR: Unsupported instruction

##################################################
Instruction 91 l.sub rD,rA,rB
##################################################

REFERENCE:
	00010000000000000010000
	
##################################################
Instruction 92 l.sw I(rA),rB
##################################################

REFERENCE:
	00100000111000000001110
	
##################################################
Instruction 93 l.swa I(rA),rB
##################################################

ERROR: Unsupported instruction

##################################################
Instruction 94 l.sys K
##################################################

ERROR: Unsupported instruction

##################################################
Instruction 95 l.trap K
##################################################

ERROR: Unsupported instruction

##################################################
Instruction 96 l.xor rD,rA,rB
##################################################

REFERENCE:
	00101000000000000010000
	
Substitution 1: 
	J: 0.4444444444444445
	SMD: 0.07246376811594203
	00011000000000000010000		0.5	0.08695652173913043
	00100000000000000010000		0.33333333333333337	0.043478260869565216
	00011000000000000010000		0.5	0.08695652173913043
	
##################################################
Instruction 97 l.xori rD,rA,I
##################################################

REFERENCE:
	00101000000000100010000
	
Substitution 1: 
	J: 0.325
	SMD: 0.06521739130434782
	00011000000000100010000		0.4	0.08695652173913043
	00101000000000000010000		0.25	0.043478260869565216
	
Test completed!
