Starting DU score test...

l.add rD,rA,rB			l.andi r0, r0, 0			0.13043478260869565
l.addc rD,rA,rB			l.and r0, r0, r0			0.21739130434782608
l.addi rD,rA,I			l.extws r0, r0			0.17391304347826086
l.addic rD,rA,I			l.and r0, r0, r0			0.21739130434782608
l.and rD,rA,rB			l.extbs r0, r0			0.17391304347826086
l.andi rD,rA,K			l.extbs r0, r0			0.21739130434782608
l.bf N			l.and r0, r0, r0			0.2608695652173913
l.bnf N			l.and r0, r0, r0			0.30434782608695654
l.cmov rD,rA,rB			l.movhi r0, 0			0.21739130434782608
l.csync			l.andi r0, r0, 0			0.21739130434782608
l.div rD,rA,rB			l.muli r0, r0, 1			0.21739130434782608
l.divu rD,rA,rB			l.xori r0, r0, 0			0.21739130434782608
l.extbs rD,rA			l.andi r0, r0, 0			0.21739130434782608
l.extbz rD,rA			l.andi r0, r0, 0			0.21739130434782608
l.exths rD,rA			l.andi r0, r0, 0			0.21739130434782608
l.exthz rD,rA			l.andi r0, r0, 0			0.21739130434782608
l.extws rD,rA			l.andi r0, r0, 0			0.17391304347826086
l.extwz rD,rA			l.andi r0, r0, 0			0.17391304347826086
l.ff1 rD,rA,rB			l.movhi r0, 0			0.17391304347826086
l.fl1 rD,rA,rB			l.movhi r0, 0			0.17391304347826086
l.j N			l.and r0, r0, r0			0.2608695652173913
l.jal N			l.and r0, r0, r0			0.30434782608695654
l.jalr rB			l.andi r0, r0, 0			0.30434782608695654
l.jr rB			l.andi r0, r0, 0			0.2608695652173913
l.lbs rD,I(rA)			l.and r0, r0, r0			0.391304347826087
l.lbz rD,I(rA)			l.and r0, r0, r0			0.30434782608695654
l.lhs rD,I(rA)			l.and r0, r0, r0			0.391304347826087
l.lhz rD,I(rA)			l.and r0, r0, r0			0.30434782608695654
l.lws rD,I(rA)			l.and r0, r0, r0			0.4782608695652174
l.lwz rD,I(rA)			l.and r0, r0, r0			0.391304347826087
l.mac rA,rB			l.andi r0, r0, 0			0.21739130434782608
l.maci rA,I			l.and r0, r0, r0			0.21739130434782608
l.macrc rD			l.extbs r0, r0			0.21739130434782608
l.mfspr rD,rA,K			l.andi r0, r0, 0			0.2608695652173913
l.movhi rD,K			l.muli r0, r0, 1			0.21739130434782608
l.msb rA,rB			l.andi r0, r0, 0			0.21739130434782608
l.msbu rA,rB			l.andi r0, r0, 0			0.21739130434782608
l.msync			l.andi r0, r0, 0			0.21739130434782608
l.mul rD,rA,rB			l.movhi r0, 0			0.17391304347826086
l.muli rD,rA,I			l.movhi r0, 0			0.21739130434782608
l.mulu rD,rA,rB			l.nop			0.21739130434782608
l.nop K			l.andi r0, r0, 0			0.21739130434782608
l.or rD,rA,rB			l.andi r0, r0, 0			0.17391304347826086
l.ori rD,rA,K			l.and r0, r0, r0			0.17391304347826086
l.psync			l.andi r0, r0, 0			0.21739130434782608
l.rfe			l.andi r0, r0, 0			0.30434782608695654
l.rori rD,rA,L			l.and r0, r0, r0			0.17391304347826086
l.sb I(rA),rB			l.andi r0, r0, 0			0.391304347826087
l.sfeq rA,rB			l.andi r0, r0, 0			0.21739130434782608
l.sfeqi rA,I			l.extws r0, r0			0.2608695652173913
l.sfges rA,rB			l.andi r0, r0, 0			0.21739130434782608
l.sfgesi rA,I			l.extws r0, r0			0.2608695652173913
l.sfgeu rA,rB			l.andi r0, r0, 0			0.21739130434782608
l.sfgeui rA,I			l.extws r0, r0			0.2608695652173913
l.sfgts rA,rB			l.andi r0, r0, 0			0.21739130434782608
l.sfgtsi rA,I			l.extws r0, r0			0.2608695652173913
l.sfgtu rA,rB			l.andi r0, r0, 0			0.21739130434782608
l.sfgtui rA,I			l.extws r0, r0			0.2608695652173913
l.sfles rA,rB			l.andi r0, r0, 0			0.21739130434782608
l.sflesi rA,I			l.extws r0, r0			0.2608695652173913
l.sfleu rA,rB			l.andi r0, r0, 0			0.21739130434782608
l.sfleui rA,I			l.extws r0, r0			0.2608695652173913
l.sflts rA,rB			l.andi r0, r0, 0			0.21739130434782608
l.sfltsi rA,I			l.extws r0, r0			0.2608695652173913
l.sfltu rA,rB			l.andi r0, r0, 0			0.21739130434782608
l.sfltui rA,I			l.extws r0, r0			0.2608695652173913
l.sfne rA,rB			l.andi r0, r0, 0			0.21739130434782608
l.sfnei rA,I			l.extws r0, r0			0.2608695652173913
l.sh I(rA),rB			l.andi r0, r0, 0			0.391304347826087
l.sll rD,rA,rB			l.andi r0, r0, 0			0.17391304347826086
l.slli rD,rA,L			l.and r0, r0, r0			0.17391304347826086
l.sra rD,rA,rB			l.andi r0, r0, 0			0.17391304347826086
l.srai rD,rA,L			l.and r0, r0, r0			0.17391304347826086
l.srl rD,rA,rB			l.andi r0, r0, 0			0.17391304347826086
l.sub rD,rA,rB			l.extws r0, r0			0.17391304347826086
l.sw I(rA),rB			l.andi r0, r0, 0			0.4782608695652174
l.xor rD,rA,rB			l.rori r0, r0, 0			0.17391304347826086
l.xori rD,rA,I			l.sll r0, r0, r0			0.17391304347826086
Test completed!
